<?xml version="1.0" encoding="UTF-8"?>
<!-- Generated by org.testng.reporters.JUnitReportReporter -->
<testsuite skipped="0" hostname="LAPTOP-784JC0DD" name="com.scripts.actitime.TESTActitimeLogin" tests="1" failures="0" timestamp="17 Jun 2020 04:51:45 GMT" time="39.019" errors="0">
  <testcase name="login" time="39.019" classname="com.scripts.actitime.TESTActitimeLogin"/>
</testsuite> <!-- com.scripts.actitime.TESTActitimeLogin -->
